<?xml version="1.0" encoding="UTF-8"?>
<!-- Generated by org.testng.reporters.JUnitReportReporter -->
<testsuite skipped="0" hostname="vijaya-tester" name="nrdemo.CreatePageTest" tests="1" failures="0" timestamp="2020-08-11T13:10:30 IST" time="55.904" errors="0">
  <testcase name="testpage" time="55.904" classname="nrdemo.CreatePageTest"/>
</testsuite> <!-- nrdemo.CreatePageTest -->
