<?xml version="1.0" encoding="UTF-8"?>
<!-- Generated by org.testng.reporters.JUnitReportReporter -->
<testsuite skipped="0" hostname="vijaya-tester" name="nrdemo.TeaserComponentTest" tests="1" failures="0" timestamp="2020-08-11T16:54:12 IST" time="85.570" errors="0">
  <testcase name="teaserTest" time="85.570" classname="nrdemo.TeaserComponentTest"/>
</testsuite> <!-- nrdemo.TeaserComponentTest -->
