<?xml version="1.0" encoding="UTF-8"?>
<!-- Generated by org.testng.reporters.JUnitReportReporter -->
<testsuite skipped="0" hostname="vijaya-tester" name="nrdemoUtils.nrDemoLogin" tests="1" failures="0" timestamp="2020-08-05T15:52:21 IST" time="16.529" errors="0">
  <testcase name="run" time="16.529" classname="nrdemoUtils.nrDemoLogin"/>
</testsuite> <!-- nrdemoUtils.nrDemoLogin -->
