<?xml version="1.0" encoding="UTF-8"?>
<!-- Generated by org.testng.reporters.JUnitReportReporter -->
<testsuite skipped="0" hostname="vijaya-tester" name="nrdemo.Login" tests="1" failures="0" timestamp="2020-08-05T15:31:02 IST" time="36.535" errors="0">
  <testcase name="run" time="36.535" classname="nrdemo.Login"/>
</testsuite> <!-- nrdemo.Login -->
